0 info it worked if it ends with ok
1 verbose cli [ 'C:\\Program Files\\nodejs\\\\node.exe',
1 verbose cli   'C:\\Program Files\\nodejs\\node_modules\\npm\\bin\\npm-cli.js',
1 verbose cli   'install',
1 verbose cli   'karma-ie-launcher',
1 verbose cli   '--save-dev' ]
2 info using npm@2.11.3
3 info using node@v0.12.7
4 verbose install initial load of D:\Projects\training\cg\package.json
5 warn package.json cgTraining@0.0.0 No description
6 warn package.json cgTraining@0.0.0 No repository field.
7 warn package.json cgTraining@0.0.0 No README data
8 warn package.json cgTraining@0.0.0 No license field.
9 verbose installManyTop reading scoped package data from D:\Projects\training\cg\node_modules\grunt\package.json
10 verbose installManyTop reading scoped package data from D:\Projects\training\cg\node_modules\grunt-angular-templates\package.json
11 verbose installManyTop reading scoped package data from D:\Projects\training\cg\node_modules\grunt-browser-output\package.json
12 verbose installManyTop reading scoped package data from D:\Projects\training\cg\node_modules\grunt-contrib-clean\package.json
13 verbose installManyTop reading scoped package data from D:\Projects\training\cg\node_modules\grunt-contrib-concat\package.json
14 verbose installManyTop reading scoped package data from D:\Projects\training\cg\node_modules\grunt-contrib-connect\package.json
15 verbose installManyTop reading scoped package data from D:\Projects\training\cg\node_modules\grunt-contrib-copy\package.json
16 verbose installManyTop reading scoped package data from D:\Projects\training\cg\node_modules\grunt-contrib-cssmin\package.json
17 verbose installManyTop reading scoped package data from D:\Projects\training\cg\node_modules\grunt-contrib-htmlmin\package.json
18 verbose installManyTop reading scoped package data from D:\Projects\training\cg\node_modules\grunt-contrib-jshint\package.json
19 verbose installManyTop reading scoped package data from D:\Projects\training\cg\node_modules\grunt-contrib-less\package.json
20 verbose installManyTop reading scoped package data from D:\Projects\training\cg\node_modules\grunt-contrib-uglify\package.json
21 verbose installManyTop reading scoped package data from D:\Projects\training\cg\node_modules\grunt-contrib-watch\package.json
22 verbose installManyTop reading scoped package data from D:\Projects\training\cg\node_modules\grunt-dom-munger\package.json
23 verbose installManyTop reading scoped package data from D:\Projects\training\cg\node_modules\grunt-karma\package.json
24 verbose installManyTop reading scoped package data from D:\Projects\training\cg\node_modules\grunt-ng-annotate\package.json
25 verbose installManyTop reading scoped package data from D:\Projects\training\cg\node_modules\karma\package.json
26 verbose installManyTop reading scoped package data from D:\Projects\training\cg\node_modules\karma-chrome-launcher\package.json
27 verbose installManyTop reading scoped package data from D:\Projects\training\cg\node_modules\karma-firefox-launcher\package.json
28 verbose installManyTop reading scoped package data from D:\Projects\training\cg\node_modules\karma-jasmine\package.json
29 verbose installManyTop reading scoped package data from D:\Projects\training\cg\node_modules\karma-mocha-reporter\package.json
30 verbose installManyTop reading scoped package data from D:\Projects\training\cg\node_modules\karma-phantomjs-launcher\package.json
31 verbose installManyTop reading scoped package data from D:\Projects\training\cg\node_modules\karma-safari-launcher\package.json
32 verbose installManyTop reading scoped package data from D:\Projects\training\cg\node_modules\load-grunt-tasks\package.json
33 info package.json grunt-contrib-htmlmin@0.1.3 No README data
34 info package.json grunt-contrib-htmlmin@0.1.3 No license field.
35 info package.json grunt@0.4.5 No license field.
36 info package.json karma-phantomjs-launcher@0.1.4 No README data
37 info package.json grunt-browser-output@0.1.0 No license field.
38 info package.json grunt-angular-templates@0.5.9 No license field.
39 info package.json grunt-contrib-concat@0.3.0 No license field.
40 info package.json grunt-contrib-clean@0.5.0 No license field.
41 info package.json grunt-contrib-copy@0.5.0 No license field.
42 info package.json grunt-contrib-jshint@0.9.2 No license field.
43 info package.json grunt-contrib-less@0.8.3 No license field.
44 info package.json grunt-contrib-connect@0.6.0 No license field.
45 info package.json grunt-contrib-cssmin@0.7.0 No license field.
46 info package.json grunt-contrib-uglify@0.2.7 No license field.
47 info package.json grunt-dom-munger@3.4.0 No license field.
48 info package.json grunt-contrib-watch@0.6.1 No license field.
49 info package.json grunt-ng-annotate@0.5.0 No license field.
50 info package.json karma-mocha-reporter@0.2.8 license should be a valid SPDX license expression
51 verbose readDependencies loading dependencies from D:\Projects\training\cg\package.json
52 silly cache add args [ 'karma-ie-launcher', null ]
53 verbose cache add spec karma-ie-launcher
54 silly cache add parsed spec { raw: 'karma-ie-launcher',
54 silly cache add   scope: null,
54 silly cache add   name: 'karma-ie-launcher',
54 silly cache add   rawSpec: '',
54 silly cache add   spec: '*',
54 silly cache add   type: 'range' }
55 silly addNamed karma-ie-launcher@*
56 verbose addNamed "*" is a valid semver range for karma-ie-launcher
57 silly addNameRange { name: 'karma-ie-launcher', range: '*', hasData: false }
58 silly mapToRegistry name karma-ie-launcher
59 silly mapToRegistry using default registry
60 silly mapToRegistry registry https://registry.npmjs.org/
61 silly mapToRegistry uri https://registry.npmjs.org/karma-ie-launcher
62 verbose addNameRange registry:https://registry.npmjs.org/karma-ie-launcher not in flight; fetching
63 verbose request uri https://registry.npmjs.org/karma-ie-launcher
64 verbose request no auth needed
65 info attempt registry request try #1 at 10:03:44 PM
66 verbose request id 358a4fa7029f10cc
67 verbose etag "364T9ECQG6Y154E6JD3ZII3YB"
68 http request GET https://registry.npmjs.org/karma-ie-launcher
69 http 304 https://registry.npmjs.org/karma-ie-launcher
70 silly get cb [ 304,
70 silly get   { date: 'Tue, 01 Mar 2016 14:03:44 GMT',
70 silly get     via: '1.1 varnish',
70 silly get     'cache-control': 'max-age=300',
70 silly get     etag: '"364T9ECQG6Y154E6JD3ZII3YB"',
70 silly get     age: '0',
70 silly get     connection: 'keep-alive',
70 silly get     'x-served-by': 'cache-hkg6826-HKG',
70 silly get     'x-cache': 'HIT',
70 silly get     'x-cache-hits': '1',
70 silly get     'x-timer': 'S1456841024.392825,VS0,VE872',
70 silly get     vary: 'Accept' } ]
71 verbose etag https://registry.npmjs.org/karma-ie-launcher from cache
72 verbose get saving karma-ie-launcher to C:\Users\cnamqui\AppData\Roaming\npm-cache\registry.npmjs.org\karma-ie-launcher\.cache.json
73 silly addNameRange number 2 { name: 'karma-ie-launcher', range: '*', hasData: true }
74 silly addNameRange versions [ 'karma-ie-launcher',
74 silly addNameRange   [ '0.0.1',
74 silly addNameRange     '0.1.0',
74 silly addNameRange     '0.1.1',
74 silly addNameRange     '0.1.2',
74 silly addNameRange     '0.1.3',
74 silly addNameRange     '0.1.4',
74 silly addNameRange     '0.1.5',
74 silly addNameRange     '0.2.0' ] ]
75 silly addNamed karma-ie-launcher@0.2.0
76 verbose addNamed "0.2.0" is a plain semver version for karma-ie-launcher
77 silly cache afterAdd karma-ie-launcher@0.2.0
78 verbose afterAdd C:\Users\cnamqui\AppData\Roaming\npm-cache\karma-ie-launcher\0.2.0\package\package.json not in flight; writing
79 verbose afterAdd C:\Users\cnamqui\AppData\Roaming\npm-cache\karma-ie-launcher\0.2.0\package\package.json written
80 silly install resolved [ { name: 'karma-ie-launcher',
80 silly install resolved     version: '0.2.0',
80 silly install resolved     description: 'A Karma plugin. Launcher for Internet Explorer.',
80 silly install resolved     main: 'index.js',
80 silly install resolved     scripts: { test: 'echo "Error: no test specified" && exit 1' },
80 silly install resolved     repository:
80 silly install resolved      { type: 'git',
80 silly install resolved        url: 'git://github.com/karma-runner/karma-ie-launcher.git' },
80 silly install resolved     keywords: [ 'karma-plugin', 'karma-launcher', 'ie' ],
80 silly install resolved     author: { name: 'Vojta Jina', email: 'vojta.jina@gmail.com' },
80 silly install resolved     dependencies: { lodash: '^3.9.3' },
80 silly install resolved     peerDependencies: { karma: '>=0.9' },
80 silly install resolved     license: 'MIT',
80 silly install resolved     devDependencies:
80 silly install resolved      { chai: '^2.3.0',
80 silly install resolved        di: '^0.0.1',
80 silly install resolved        eslint: '^0.22.1',
80 silly install resolved        'eslint-config-standard': '^2.0.1',
80 silly install resolved        'eslint-plugin-react': '^2.5.0',
80 silly install resolved        grunt: '^0.4.1',
80 silly install resolved        'grunt-auto-release': '^0.0.2',
80 silly install resolved        'grunt-bump': '^0.3.1',
80 silly install resolved        'grunt-contrib-watch': '^0.6.1',
80 silly install resolved        'grunt-conventional-changelog': '^1.2.2',
80 silly install resolved        'grunt-eslint': '^14.0.0',
80 silly install resolved        'grunt-npm': '^0.0.2',
80 silly install resolved        'grunt-simple-mocha': '^0.4.0',
80 silly install resolved        karma: '^0.12.0',
80 silly install resolved        'load-grunt-tasks': '^3.2.0',
80 silly install resolved        mocks: '0.0.11',
80 silly install resolved        sinon: '^1.14.1',
80 silly install resolved        'sinon-chai': '^2.8.0' },
80 silly install resolved     contributors: [ [Object], [Object], [Object], [Object], [Object], [Object] ],
80 silly install resolved     gitHead: '5cef0dd70a8ff7c07cf557765108b90bf0c93cf2',
80 silly install resolved     bugs: { url: 'https://github.com/karma-runner/karma-ie-launcher/issues' },
80 silly install resolved     homepage: 'https://github.com/karma-runner/karma-ie-launcher#readme',
80 silly install resolved     _id: 'karma-ie-launcher@0.2.0',
80 silly install resolved     _shasum: 'eb40d9226fb8fce60308591b9f7d53e5b09be0e9',
80 silly install resolved     _from: 'karma-ie-launcher@*',
80 silly install resolved     _npmVersion: '2.11.0',
80 silly install resolved     _nodeVersion: '0.10.38',
80 silly install resolved     _npmUser: { name: 'dignifiedquire', email: 'dignifiedquire@gmail.com' },
80 silly install resolved     dist:
80 silly install resolved      { shasum: 'eb40d9226fb8fce60308591b9f7d53e5b09be0e9',
80 silly install resolved        tarball: 'http://registry.npmjs.org/karma-ie-launcher/-/karma-ie-launcher-0.2.0.tgz' },
80 silly install resolved     maintainers: [ [Object], [Object], [Object] ],
80 silly install resolved     directories: {},
80 silly install resolved     _resolved: 'https://registry.npmjs.org/karma-ie-launcher/-/karma-ie-launcher-0.2.0.tgz',
80 silly install resolved     readme: 'ERROR: No README data found!' } ]
81 info install karma-ie-launcher@0.2.0 into D:\Projects\training\cg
82 info installOne karma-ie-launcher@0.2.0
83 verbose installOne of karma-ie-launcher to D:\Projects\training\cg not in flight; installing
84 verbose lock using C:\Users\cnamqui\AppData\Roaming\npm-cache\_locks\karma-ie-launcher-a9b682efc7b57697.lock for D:\Projects\training\cg\node_modules\karma-ie-launcher
85 silly install write writing karma-ie-launcher 0.2.0 to D:\Projects\training\cg\node_modules\karma-ie-launcher
86 verbose unbuild node_modules\karma-ie-launcher
87 silly gentlyRm D:\Projects\training\cg\node_modules\karma-ie-launcher is being purged from base D:\Projects\training\cg
88 verbose gentlyRm don't care about contents; nuking D:\Projects\training\cg\node_modules\karma-ie-launcher
89 verbose tar unpack C:\Users\cnamqui\AppData\Roaming\npm-cache\karma-ie-launcher\0.2.0\package.tgz
90 verbose tar unpacking to D:\Projects\training\cg\node_modules\karma-ie-launcher
91 silly gentlyRm D:\Projects\training\cg\node_modules\karma-ie-launcher is being purged
92 verbose gentlyRm don't care about contents; nuking D:\Projects\training\cg\node_modules\karma-ie-launcher
93 silly gunzTarPerm modes [ '777', '666' ]
94 silly gunzTarPerm extractEntry package.json
95 silly gunzTarPerm modified mode [ 'package.json', 420, 438 ]
96 silly gunzTarPerm extractEntry README.md
97 silly gunzTarPerm modified mode [ 'README.md', 420, 438 ]
98 silly gunzTarPerm extractEntry LICENSE
99 silly gunzTarPerm modified mode [ 'LICENSE', 420, 438 ]
100 silly gunzTarPerm extractEntry gruntfile.js
101 silly gunzTarPerm modified mode [ 'gruntfile.js', 420, 438 ]
102 silly gunzTarPerm extractEntry index.js
103 silly gunzTarPerm modified mode [ 'index.js', 420, 438 ]
104 silly gunzTarPerm extractEntry CHANGELOG.md
105 silly gunzTarPerm modified mode [ 'CHANGELOG.md', 420, 438 ]
106 silly gunzTarPerm extractEntry test/launcher.spec.js
107 silly gunzTarPerm modified mode [ 'test/launcher.spec.js', 420, 438 ]
108 silly gunzTarPerm extractEntry test/mocha-globals.js
109 silly gunzTarPerm modified mode [ 'test/mocha-globals.js', 420, 438 ]
110 verbose write writing to D:\Projects\training\cg\node_modules\karma-ie-launcher\package.json
111 info preinstall karma-ie-launcher@0.2.0
112 verbose readDependencies loading dependencies from D:\Projects\training\cg\node_modules\karma-ie-launcher\package.json
113 silly prepareForInstallMany adding lodash@^3.9.3 from karma-ie-launcher dependencies
114 verbose readDependencies loading dependencies from D:\Projects\training\cg\node_modules\karma-ie-launcher\package.json
115 silly cache add args [ 'lodash@^3.9.3', null ]
116 verbose cache add spec lodash@^3.9.3
117 silly cache add parsed spec { raw: 'lodash@^3.9.3',
117 silly cache add   scope: null,
117 silly cache add   name: 'lodash',
117 silly cache add   rawSpec: '^3.9.3',
117 silly cache add   spec: '>=3.9.3 <4.0.0',
117 silly cache add   type: 'range' }
118 silly addNamed lodash@>=3.9.3 <4.0.0
119 verbose addNamed ">=3.9.3 <4.0.0" is a valid semver range for lodash
120 silly addNameRange { name: 'lodash', range: '>=3.9.3 <4.0.0', hasData: false }
121 silly mapToRegistry name lodash
122 silly mapToRegistry using default registry
123 silly mapToRegistry registry https://registry.npmjs.org/
124 silly mapToRegistry uri https://registry.npmjs.org/lodash
125 verbose addNameRange registry:https://registry.npmjs.org/lodash not in flight; fetching
126 verbose request uri https://registry.npmjs.org/lodash
127 verbose request no auth needed
128 info attempt registry request try #1 at 10:03:45 PM
129 verbose etag "2DJKUQQ3CK8G1X0TGXSO8I99N"
130 http request GET https://registry.npmjs.org/lodash
131 http 304 https://registry.npmjs.org/lodash
132 silly get cb [ 304,
132 silly get   { date: 'Tue, 01 Mar 2016 14:03:45 GMT',
132 silly get     via: '1.1 varnish',
132 silly get     'cache-control': 'max-age=300',
132 silly get     etag: '"2DJKUQQ3CK8G1X0TGXSO8I99N"',
132 silly get     age: '66',
132 silly get     connection: 'keep-alive',
132 silly get     'x-served-by': 'cache-hkg6823-HKG',
132 silly get     'x-cache': 'HIT',
132 silly get     'x-cache-hits': '2',
132 silly get     'x-timer': 'S1456841025.582189,VS0,VE0',
132 silly get     vary: 'Accept' } ]
133 verbose etag https://registry.npmjs.org/lodash from cache
134 verbose get saving lodash to C:\Users\cnamqui\AppData\Roaming\npm-cache\registry.npmjs.org\lodash\.cache.json
135 silly addNameRange number 2 { name: 'lodash', range: '>=3.9.3 <4.0.0', hasData: true }
136 silly addNameRange versions [ 'lodash',
136 silly addNameRange   [ '0.1.0',
136 silly addNameRange     '0.2.0',
136 silly addNameRange     '0.2.1',
136 silly addNameRange     '0.2.2',
136 silly addNameRange     '0.3.0',
136 silly addNameRange     '0.3.1',
136 silly addNameRange     '0.3.2',
136 silly addNameRange     '0.4.0',
136 silly addNameRange     '0.4.1',
136 silly addNameRange     '0.4.2',
136 silly addNameRange     '0.5.0-rc.1',
136 silly addNameRange     '0.5.0',
136 silly addNameRange     '0.5.1',
136 silly addNameRange     '0.5.2',
136 silly addNameRange     '0.6.0',
136 silly addNameRange     '0.6.1',
136 silly addNameRange     '0.7.0',
136 silly addNameRange     '0.8.0',
136 silly addNameRange     '0.8.1',
136 silly addNameRange     '0.8.2',
136 silly addNameRange     '0.9.0',
136 silly addNameRange     '0.9.1',
136 silly addNameRange     '0.9.2',
136 silly addNameRange     '0.10.0',
136 silly addNameRange     '1.0.0-rc.1',
136 silly addNameRange     '1.0.0-rc.2',
136 silly addNameRange     '1.0.0-rc.3',
136 silly addNameRange     '1.0.0',
136 silly addNameRange     '1.0.1',
136 silly addNameRange     '1.1.0',
136 silly addNameRange     '1.1.1',
136 silly addNameRange     '1.2.0',
136 silly addNameRange     '1.2.1',
136 silly addNameRange     '1.3.0',
136 silly addNameRange     '1.3.1',
136 silly addNameRange     '2.0.0',
136 silly addNameRange     '2.1.0',
136 silly addNameRange     '2.2.0',
136 silly addNameRange     '2.2.1',
136 silly addNameRange     '2.3.0',
136 silly addNameRange     '2.4.0',
136 silly addNameRange     '2.4.1',
136 silly addNameRange     '3.0.0',
136 silly addNameRange     '3.0.1',
136 silly addNameRange     '3.1.0',
136 silly addNameRange     '3.2.0',
136 silly addNameRange     '3.3.0',
136 silly addNameRange     '3.3.1',
136 silly addNameRange     '3.4.0',
136 silly addNameRange     '3.5.0',
136 silly addNameRange     '3.6.0',
136 silly addNameRange     '1.0.2',
136 silly addNameRange     '3.7.0',
136 silly addNameRange     '2.4.2',
136 silly addNameRange     '3.8.0',
136 silly addNameRange     '3.9.0',
136 silly addNameRange     '3.9.1',
136 silly addNameRange     '3.9.2',
136 silly addNameRange     '3.9.3',
136 silly addNameRange     '3.10.0',
136 silly addNameRange     '3.10.1',
136 silly addNameRange     '4.0.0',
136 silly addNameRange     '4.0.1',
136 silly addNameRange     '4.1.0',
136 silly addNameRange     '4.2.0',
136 silly addNameRange     '4.2.1',
136 silly addNameRange     '4.3.0',
136 silly addNameRange     '4.4.0',
136 silly addNameRange     '4.5.0',
136 silly addNameRange     '4.5.1' ] ]
137 silly addNamed lodash@3.10.1
138 verbose addNamed "3.10.1" is a plain semver version for lodash
139 silly cache afterAdd lodash@3.10.1
140 verbose afterAdd C:\Users\cnamqui\AppData\Roaming\npm-cache\lodash\3.10.1\package\package.json not in flight; writing
141 verbose afterAdd C:\Users\cnamqui\AppData\Roaming\npm-cache\lodash\3.10.1\package\package.json written
142 silly install resolved [ { name: 'lodash',
142 silly install resolved     version: '3.10.1',
142 silly install resolved     description: 'The modern build of lodash modular utilities.',
142 silly install resolved     homepage: 'https://lodash.com/',
142 silly install resolved     icon: 'https://lodash.com/icon.svg',
142 silly install resolved     license: 'MIT',
142 silly install resolved     main: 'index.js',
142 silly install resolved     keywords: [ 'modules', 'stdlib', 'util' ],
142 silly install resolved     author:
142 silly install resolved      { name: 'John-David Dalton',
142 silly install resolved        email: 'john.david.dalton@gmail.com',
142 silly install resolved        url: 'http://allyoucanleet.com/' },
142 silly install resolved     contributors: [ [Object], [Object], [Object], [Object], [Object] ],
142 silly install resolved     repository: { type: 'git', url: 'git+https://github.com/lodash/lodash.git' },
142 silly install resolved     scripts: { test: 'echo "See https://travis-ci.org/lodash/lodash-cli for testing details."' },
142 silly install resolved     bugs: { url: 'https://github.com/lodash/lodash/issues' },
142 silly install resolved     _id: 'lodash@3.10.1',
142 silly install resolved     _shasum: '5bf45e8e49ba4189e17d482789dfd15bd140b7b6',
142 silly install resolved     _from: 'lodash@>=3.9.3 <4.0.0',
142 silly install resolved     _npmVersion: '2.13.1',
142 silly install resolved     _nodeVersion: '0.12.5',
142 silly install resolved     _npmUser: { name: 'jdalton', email: 'john.david.dalton@gmail.com' },
142 silly install resolved     maintainers: [ [Object], [Object], [Object], [Object], [Object] ],
142 silly install resolved     dist:
142 silly install resolved      { shasum: '5bf45e8e49ba4189e17d482789dfd15bd140b7b6',
142 silly install resolved        tarball: 'http://registry.npmjs.org/lodash/-/lodash-3.10.1.tgz' },
142 silly install resolved     directories: {},
142 silly install resolved     _resolved: 'https://registry.npmjs.org/lodash/-/lodash-3.10.1.tgz',
142 silly install resolved     readme: 'ERROR: No README data found!' } ]
143 info install lodash@3.10.1 into D:\Projects\training\cg\node_modules\karma-ie-launcher
144 info installOne lodash@3.10.1
145 verbose installOne of lodash to D:\Projects\training\cg\node_modules\karma-ie-launcher not in flight; installing
146 verbose lock using C:\Users\cnamqui\AppData\Roaming\npm-cache\_locks\lodash-c45a1fac32c0c84e.lock for D:\Projects\training\cg\node_modules\karma-ie-launcher\node_modules\lodash
147 silly install write writing lodash 3.10.1 to D:\Projects\training\cg\node_modules\karma-ie-launcher\node_modules\lodash
148 verbose unbuild node_modules\karma-ie-launcher\node_modules\lodash
149 silly gentlyRm D:\Projects\training\cg\node_modules\karma-ie-launcher\node_modules\lodash is being purged from base D:\Projects\training\cg
150 verbose gentlyRm don't care about contents; nuking D:\Projects\training\cg\node_modules\karma-ie-launcher\node_modules\lodash
151 verbose tar unpack C:\Users\cnamqui\AppData\Roaming\npm-cache\lodash\3.10.1\package.tgz
152 verbose tar unpacking to D:\Projects\training\cg\node_modules\karma-ie-launcher\node_modules\lodash
153 silly gentlyRm D:\Projects\training\cg\node_modules\karma-ie-launcher\node_modules\lodash is being purged
154 verbose gentlyRm don't care about contents; nuking D:\Projects\training\cg\node_modules\karma-ie-launcher\node_modules\lodash
155 silly gunzTarPerm modes [ '777', '666' ]
156 silly gunzTarPerm extractEntry package.json
157 silly gunzTarPerm modified mode [ 'package.json', 420, 438 ]
158 silly gunzTarPerm extractEntry README.md
159 silly gunzTarPerm modified mode [ 'README.md', 420, 438 ]
160 silly gunzTarPerm extractEntry LICENSE
161 silly gunzTarPerm modified mode [ 'LICENSE', 420, 438 ]
162 silly gunzTarPerm extractEntry chain.js
163 silly gunzTarPerm modified mode [ 'chain.js', 420, 438 ]
164 silly gunzTarPerm extractEntry string.js
165 silly gunzTarPerm modified mode [ 'string.js', 420, 438 ]
166 silly gunzTarPerm extractEntry collection.js
167 silly gunzTarPerm modified mode [ 'collection.js', 420, 438 ]
168 silly gunzTarPerm extractEntry array.js
169 silly gunzTarPerm modified mode [ 'array.js', 420, 438 ]
170 silly gunzTarPerm extractEntry date.js
171 silly gunzTarPerm modified mode [ 'date.js', 420, 438 ]
172 silly gunzTarPerm extractEntry number.js
173 silly gunzTarPerm modified mode [ 'number.js', 420, 438 ]
174 silly gunzTarPerm extractEntry function.js
175 silly gunzTarPerm modified mode [ 'function.js', 420, 438 ]
176 silly gunzTarPerm extractEntry index.js
177 silly gunzTarPerm modified mode [ 'index.js', 420, 438 ]
178 silly gunzTarPerm extractEntry math.js
179 silly gunzTarPerm modified mode [ 'math.js', 420, 438 ]
180 silly gunzTarPerm extractEntry support.js
181 silly gunzTarPerm modified mode [ 'support.js', 420, 438 ]
182 silly gunzTarPerm extractEntry lang.js
183 silly gunzTarPerm modified mode [ 'lang.js', 420, 438 ]
184 silly gunzTarPerm extractEntry object.js
185 silly gunzTarPerm modified mode [ 'object.js', 420, 438 ]
186 silly gunzTarPerm extractEntry utility.js
187 silly gunzTarPerm modified mode [ 'utility.js', 420, 438 ]
188 silly gunzTarPerm extractEntry collection/all.js
189 silly gunzTarPerm modified mode [ 'collection/all.js', 420, 438 ]
190 silly gunzTarPerm extractEntry collection/forEachRight.js
191 silly gunzTarPerm modified mode [ 'collection/forEachRight.js', 420, 438 ]
192 silly gunzTarPerm extractEntry collection/groupBy.js
193 silly gunzTarPerm modified mode [ 'collection/groupBy.js', 420, 438 ]
194 silly gunzTarPerm extractEntry collection/include.js
195 silly gunzTarPerm modified mode [ 'collection/include.js', 420, 438 ]
196 silly gunzTarPerm extractEntry collection/includes.js
197 silly gunzTarPerm modified mode [ 'collection/includes.js', 420, 438 ]
198 silly gunzTarPerm extractEntry collection/forEach.js
199 silly gunzTarPerm modified mode [ 'collection/forEach.js', 420, 438 ]
200 silly gunzTarPerm extractEntry collection/inject.js
201 silly gunzTarPerm modified mode [ 'collection/inject.js', 420, 438 ]
202 silly gunzTarPerm extractEntry collection/invoke.js
203 silly gunzTarPerm modified mode [ 'collection/invoke.js', 420, 438 ]
204 silly gunzTarPerm extractEntry collection/map.js
205 silly gunzTarPerm modified mode [ 'collection/map.js', 420, 438 ]
206 silly gunzTarPerm extractEntry collection/max.js
207 silly gunzTarPerm modified mode [ 'collection/max.js', 420, 438 ]
208 silly gunzTarPerm extractEntry collection/min.js
209 silly gunzTarPerm modified mode [ 'collection/min.js', 420, 438 ]
210 silly gunzTarPerm extractEntry collection/foldr.js
211 silly gunzTarPerm modified mode [ 'collection/foldr.js', 420, 438 ]
212 silly gunzTarPerm extractEntry collection/partition.js
213 silly gunzTarPerm modified mode [ 'collection/partition.js', 420, 438 ]
214 silly gunzTarPerm extractEntry collection/foldl.js
215 silly gunzTarPerm modified mode [ 'collection/foldl.js', 420, 438 ]
216 silly gunzTarPerm extractEntry collection/pluck.js
217 silly gunzTarPerm modified mode [ 'collection/pluck.js', 420, 438 ]
218 silly gunzTarPerm extractEntry collection/findWhere.js
219 silly gunzTarPerm modified mode [ 'collection/findWhere.js', 420, 438 ]
220 silly gunzTarPerm extractEntry collection/reduce.js
221 silly gunzTarPerm modified mode [ 'collection/reduce.js', 420, 438 ]
222 silly gunzTarPerm extractEntry collection/findLast.js
223 silly gunzTarPerm modified mode [ 'collection/findLast.js', 420, 438 ]
224 silly gunzTarPerm extractEntry collection/reduceRight.js
225 silly gunzTarPerm modified mode [ 'collection/reduceRight.js', 420, 438 ]
226 silly gunzTarPerm extractEntry collection/find.js
227 silly gunzTarPerm modified mode [ 'collection/find.js', 420, 438 ]
228 silly gunzTarPerm extractEntry collection/reject.js
229 silly gunzTarPerm modified mode [ 'collection/reject.js', 420, 438 ]
230 silly gunzTarPerm extractEntry collection/filter.js
231 silly gunzTarPerm modified mode [ 'collection/filter.js', 420, 438 ]
232 silly gunzTarPerm extractEntry collection/sample.js
233 silly gunzTarPerm modified mode [ 'collection/sample.js', 420, 438 ]
234 silly gunzTarPerm extractEntry collection/every.js
235 silly gunzTarPerm modified mode [ 'collection/every.js', 420, 438 ]
236 silly gunzTarPerm extractEntry collection/select.js
237 silly gunzTarPerm modified mode [ 'collection/select.js', 420, 438 ]
238 silly gunzTarPerm extractEntry collection/eachRight.js
239 silly gunzTarPerm modified mode [ 'collection/eachRight.js', 420, 438 ]
240 silly gunzTarPerm extractEntry collection/shuffle.js
241 silly gunzTarPerm modified mode [ 'collection/shuffle.js', 420, 438 ]
242 silly gunzTarPerm extractEntry collection/each.js
243 silly gunzTarPerm modified mode [ 'collection/each.js', 420, 438 ]
244 silly gunzTarPerm extractEntry collection/size.js
245 silly gunzTarPerm modified mode [ 'collection/size.js', 420, 438 ]
246 silly gunzTarPerm extractEntry collection/detect.js
247 silly gunzTarPerm modified mode [ 'collection/detect.js', 420, 438 ]
248 silly gunzTarPerm extractEntry collection/some.js
249 silly gunzTarPerm modified mode [ 'collection/some.js', 420, 438 ]
250 silly gunzTarPerm extractEntry collection/countBy.js
251 silly gunzTarPerm modified mode [ 'collection/countBy.js', 420, 438 ]
252 silly gunzTarPerm extractEntry collection/sortBy.js
253 silly gunzTarPerm modified mode [ 'collection/sortBy.js', 420, 438 ]
254 silly gunzTarPerm extractEntry collection/contains.js
255 silly gunzTarPerm modified mode [ 'collection/contains.js', 420, 438 ]
256 silly gunzTarPerm extractEntry collection/sortByAll.js
257 silly gunzTarPerm modified mode [ 'collection/sortByAll.js', 420, 438 ]
258 silly gunzTarPerm extractEntry collection/collect.js
259 silly gunzTarPerm modified mode [ 'collection/collect.js', 420, 438 ]
260 silly gunzTarPerm extractEntry collection/sortByOrder.js
261 silly gunzTarPerm modified mode [ 'collection/sortByOrder.js', 420, 438 ]
262 silly gunzTarPerm extractEntry collection/at.js
263 silly gunzTarPerm modified mode [ 'collection/at.js', 420, 438 ]
264 silly gunzTarPerm extractEntry collection/sum.js
265 silly gunzTarPerm modified mode [ 'collection/sum.js', 420, 438 ]
266 silly gunzTarPerm extractEntry collection/any.js
267 silly gunzTarPerm modified mode [ 'collection/any.js', 420, 438 ]
268 silly gunzTarPerm extractEntry collection/where.js
269 silly gunzTarPerm modified mode [ 'collection/where.js', 420, 438 ]
270 silly gunzTarPerm extractEntry collection/indexBy.js
271 silly gunzTarPerm modified mode [ 'collection/indexBy.js', 420, 438 ]
272 silly gunzTarPerm extractEntry math/add.js
273 silly gunzTarPerm modified mode [ 'math/add.js', 420, 438 ]
274 silly gunzTarPerm extractEntry math/ceil.js
275 silly gunzTarPerm modified mode [ 'math/ceil.js', 420, 438 ]
276 silly gunzTarPerm extractEntry math/floor.js
277 silly gunzTarPerm modified mode [ 'math/floor.js', 420, 438 ]
278 silly gunzTarPerm extractEntry math/max.js
279 silly gunzTarPerm modified mode [ 'math/max.js', 420, 438 ]
280 silly gunzTarPerm extractEntry math/min.js
281 silly gunzTarPerm modified mode [ 'math/min.js', 420, 438 ]
282 silly gunzTarPerm extractEntry math/round.js
283 silly gunzTarPerm modified mode [ 'math/round.js', 420, 438 ]
284 silly gunzTarPerm extractEntry math/sum.js
285 silly gunzTarPerm modified mode [ 'math/sum.js', 420, 438 ]
286 silly gunzTarPerm extractEntry number/inRange.js
287 silly gunzTarPerm modified mode [ 'number/inRange.js', 420, 438 ]
288 silly gunzTarPerm extractEntry number/random.js
289 silly gunzTarPerm modified mode [ 'number/random.js', 420, 438 ]
290 silly gunzTarPerm extractEntry function/after.js
291 silly gunzTarPerm modified mode [ 'function/after.js', 420, 438 ]
292 silly gunzTarPerm extractEntry function/curryRight.js
293 silly gunzTarPerm modified mode [ 'function/curryRight.js', 420, 438 ]
294 silly gunzTarPerm extractEntry function/debounce.js
295 silly gunzTarPerm modified mode [ 'function/debounce.js', 420, 438 ]
296 silly gunzTarPerm extractEntry function/defer.js
297 silly gunzTarPerm modified mode [ 'function/defer.js', 420, 438 ]
298 silly gunzTarPerm extractEntry function/delay.js
299 silly gunzTarPerm modified mode [ 'function/delay.js', 420, 438 ]
300 silly gunzTarPerm extractEntry function/curry.js
301 silly gunzTarPerm modified mode [ 'function/curry.js', 420, 438 ]
302 silly gunzTarPerm extractEntry function/flowRight.js
303 silly gunzTarPerm modified mode [ 'function/flowRight.js', 420, 438 ]
304 silly gunzTarPerm extractEntry function/memoize.js
305 silly gunzTarPerm modified mode [ 'function/memoize.js', 420, 438 ]
306 silly gunzTarPerm extractEntry function/modArgs.js
307 silly gunzTarPerm modified mode [ 'function/modArgs.js', 420, 438 ]
308 silly gunzTarPerm extractEntry function/negate.js
309 silly gunzTarPerm modified mode [ 'function/negate.js', 420, 438 ]
310 silly gunzTarPerm extractEntry function/once.js
311 silly gunzTarPerm modified mode [ 'function/once.js', 420, 438 ]
312 silly gunzTarPerm extractEntry function/compose.js
313 silly gunzTarPerm modified mode [ 'function/compose.js', 420, 438 ]
314 silly gunzTarPerm extractEntry function/partial.js
315 silly gunzTarPerm modified mode [ 'function/partial.js', 420, 438 ]
316 silly gunzTarPerm extractEntry function/bindKey.js
317 silly gunzTarPerm modified mode [ 'function/bindKey.js', 420, 438 ]
318 silly gunzTarPerm extractEntry function/partialRight.js
319 silly gunzTarPerm modified mode [ 'function/partialRight.js', 420, 438 ]
320 silly gunzTarPerm extractEntry function/bindAll.js
321 silly gunzTarPerm modified mode [ 'function/bindAll.js', 420, 438 ]
322 silly gunzTarPerm extractEntry function/rearg.js
323 silly gunzTarPerm modified mode [ 'function/rearg.js', 420, 438 ]
324 silly gunzTarPerm extractEntry function/bind.js
325 silly gunzTarPerm modified mode [ 'function/bind.js', 420, 438 ]
326 silly gunzTarPerm extractEntry function/restParam.js
327 silly gunzTarPerm modified mode [ 'function/restParam.js', 420, 438 ]
328 silly gunzTarPerm extractEntry function/before.js
329 silly gunzTarPerm modified mode [ 'function/before.js', 420, 438 ]
330 silly gunzTarPerm extractEntry function/spread.js
331 silly gunzTarPerm modified mode [ 'function/spread.js', 420, 438 ]
332 silly gunzTarPerm extractEntry function/backflow.js
333 silly gunzTarPerm modified mode [ 'function/backflow.js', 420, 438 ]
334 silly gunzTarPerm extractEntry function/throttle.js
335 silly gunzTarPerm modified mode [ 'function/throttle.js', 420, 438 ]
336 silly gunzTarPerm extractEntry function/ary.js
337 silly gunzTarPerm modified mode [ 'function/ary.js', 420, 438 ]
338 silly gunzTarPerm extractEntry function/wrap.js
339 silly gunzTarPerm modified mode [ 'function/wrap.js', 420, 438 ]
340 silly gunzTarPerm extractEntry function/flow.js
341 silly gunzTarPerm modified mode [ 'function/flow.js', 420, 438 ]
342 silly gunzTarPerm extractEntry object/assign.js
343 silly gunzTarPerm modified mode [ 'object/assign.js', 420, 438 ]
344 silly gunzTarPerm extractEntry object/functions.js
345 silly gunzTarPerm modified mode [ 'object/functions.js', 420, 438 ]
346 silly gunzTarPerm extractEntry object/get.js
347 silly gunzTarPerm modified mode [ 'object/get.js', 420, 438 ]
348 silly gunzTarPerm extractEntry object/has.js
349 silly gunzTarPerm modified mode [ 'object/has.js', 420, 438 ]
350 silly gunzTarPerm extractEntry object/forOwnRight.js
351 silly gunzTarPerm modified mode [ 'object/forOwnRight.js', 420, 438 ]
352 silly gunzTarPerm extractEntry object/keys.js
353 silly gunzTarPerm modified mode [ 'object/keys.js', 420, 438 ]
354 silly gunzTarPerm extractEntry object/keysIn.js
355 silly gunzTarPerm modified mode [ 'object/keysIn.js', 420, 438 ]
356 silly gunzTarPerm extractEntry object/mapKeys.js
357 silly gunzTarPerm modified mode [ 'object/mapKeys.js', 420, 438 ]
358 silly gunzTarPerm extractEntry object/mapValues.js
359 silly gunzTarPerm modified mode [ 'object/mapValues.js', 420, 438 ]
360 silly gunzTarPerm extractEntry object/merge.js
361 silly gunzTarPerm modified mode [ 'object/merge.js', 420, 438 ]
362 silly gunzTarPerm extractEntry object/forOwn.js
363 silly gunzTarPerm modified mode [ 'object/forOwn.js', 420, 438 ]
364 silly gunzTarPerm extractEntry object/methods.js
365 silly gunzTarPerm modified mode [ 'object/methods.js', 420, 438 ]
366 silly gunzTarPerm extractEntry object/forInRight.js
367 silly gunzTarPerm modified mode [ 'object/forInRight.js', 420, 438 ]
368 silly gunzTarPerm extractEntry object/omit.js
369 silly gunzTarPerm modified mode [ 'object/omit.js', 420, 438 ]
370 silly gunzTarPerm extractEntry object/forIn.js
371 silly gunzTarPerm modified mode [ 'object/forIn.js', 420, 438 ]
372 silly gunzTarPerm extractEntry object/pairs.js
373 silly gunzTarPerm modified mode [ 'object/pairs.js', 420, 438 ]
374 silly gunzTarPerm extractEntry object/findLastKey.js
375 silly gunzTarPerm modified mode [ 'object/findLastKey.js', 420, 438 ]
376 silly gunzTarPerm extractEntry object/pick.js
377 silly gunzTarPerm modified mode [ 'object/pick.js', 420, 438 ]
378 silly gunzTarPerm extractEntry object/findKey.js
379 silly gunzTarPerm modified mode [ 'object/findKey.js', 420, 438 ]
380 silly gunzTarPerm extractEntry object/result.js
381 silly gunzTarPerm modified mode [ 'object/result.js', 420, 438 ]
382 silly gunzTarPerm extractEntry object/extend.js
383 silly gunzTarPerm modified mode [ 'object/extend.js', 420, 438 ]
384 silly gunzTarPerm extractEntry object/set.js
385 silly gunzTarPerm modified mode [ 'object/set.js', 420, 438 ]
386 silly gunzTarPerm extractEntry object/defaultsDeep.js
387 silly gunzTarPerm modified mode [ 'object/defaultsDeep.js', 420, 438 ]
388 silly gunzTarPerm extractEntry object/transform.js
389 silly gunzTarPerm modified mode [ 'object/transform.js', 420, 438 ]
390 silly gunzTarPerm extractEntry object/defaults.js
391 silly gunzTarPerm modified mode [ 'object/defaults.js', 420, 438 ]
392 silly gunzTarPerm extractEntry object/values.js
393 silly gunzTarPerm modified mode [ 'object/values.js', 420, 438 ]
394 silly gunzTarPerm extractEntry object/create.js
395 silly gunzTarPerm modified mode [ 'object/create.js', 420, 438 ]
396 silly gunzTarPerm extractEntry object/valuesIn.js
397 silly gunzTarPerm modified mode [ 'object/valuesIn.js', 420, 438 ]
398 silly gunzTarPerm extractEntry object/invert.js
399 silly gunzTarPerm modified mode [ 'object/invert.js', 420, 438 ]
400 silly gunzTarPerm extractEntry date/now.js
401 silly gunzTarPerm modified mode [ 'date/now.js', 420, 438 ]
402 silly gunzTarPerm extractEntry internal/LazyWrapper.js
403 silly gunzTarPerm modified mode [ 'internal/LazyWrapper.js', 420, 438 ]
404 silly gunzTarPerm extractEntry internal/compareAscending.js
405 silly gunzTarPerm modified mode [ 'internal/compareAscending.js', 420, 438 ]
406 silly gunzTarPerm extractEntry internal/compareMultiple.js
407 silly gunzTarPerm modified mode [ 'internal/compareMultiple.js', 420, 438 ]
408 silly gunzTarPerm extractEntry internal/composeArgs.js
409 silly gunzTarPerm modified mode [ 'internal/composeArgs.js', 420, 438 ]
410 silly gunzTarPerm extractEntry internal/charsRightIndex.js
411 silly gunzTarPerm modified mode [ 'internal/charsRightIndex.js', 420, 438 ]
412 silly gunzTarPerm extractEntry internal/createAggregator.js
413 silly gunzTarPerm modified mode [ 'internal/createAggregator.js', 420, 438 ]
414 silly gunzTarPerm extractEntry internal/createAssigner.js
415 silly gunzTarPerm modified mode [ 'internal/createAssigner.js', 420, 438 ]
416 silly gunzTarPerm extractEntry internal/createBaseEach.js
417 silly gunzTarPerm modified mode [ 'internal/createBaseEach.js', 420, 438 ]
418 silly gunzTarPerm extractEntry internal/createBaseFor.js
419 silly gunzTarPerm modified mode [ 'internal/createBaseFor.js', 420, 438 ]
420 silly gunzTarPerm extractEntry internal/createBindWrapper.js
421 silly gunzTarPerm modified mode [ 'internal/createBindWrapper.js', 420, 438 ]
422 silly gunzTarPerm extractEntry internal/charsLeftIndex.js
423 silly gunzTarPerm modified mode [ 'internal/charsLeftIndex.js', 420, 438 ]
424 silly gunzTarPerm extractEntry internal/createCache.js
425 silly gunzTarPerm modified mode [ 'internal/createCache.js', 420, 438 ]
426 silly gunzTarPerm extractEntry internal/cachePush.js
427 silly gunzTarPerm modified mode [ 'internal/cachePush.js', 420, 438 ]
428 silly gunzTarPerm extractEntry internal/createCompounder.js
429 silly gunzTarPerm modified mode [ 'internal/createCompounder.js', 420, 438 ]
430 silly gunzTarPerm extractEntry internal/cacheIndexOf.js
431 silly gunzTarPerm modified mode [ 'internal/cacheIndexOf.js', 420, 438 ]
432 silly gunzTarPerm extractEntry internal/createCtorWrapper.js
433 silly gunzTarPerm modified mode [ 'internal/createCtorWrapper.js', 420, 438 ]
434 silly gunzTarPerm extractEntry internal/bufferClone.js
435 silly gunzTarPerm modified mode [ 'internal/bufferClone.js', 420, 438 ]
436 silly gunzTarPerm extractEntry internal/createCurry.js
437 silly gunzTarPerm modified mode [ 'internal/createCurry.js', 420, 438 ]
438 silly gunzTarPerm extractEntry internal/bindCallback.js
439 silly gunzTarPerm modified mode [ 'internal/bindCallback.js', 420, 438 ]
440 silly gunzTarPerm extractEntry internal/createDefaults.js
441 silly gunzTarPerm modified mode [ 'internal/createDefaults.js', 420, 438 ]
442 silly gunzTarPerm extractEntry internal/binaryIndexBy.js
443 silly gunzTarPerm modified mode [ 'internal/binaryIndexBy.js', 420, 438 ]
444 silly gunzTarPerm extractEntry internal/createExtremum.js
445 silly gunzTarPerm modified mode [ 'internal/createExtremum.js', 420, 438 ]
446 silly gunzTarPerm extractEntry internal/binaryIndex.js
447 silly gunzTarPerm modified mode [ 'internal/binaryIndex.js', 420, 438 ]
448 silly gunzTarPerm extractEntry internal/createFind.js
449 silly gunzTarPerm modified mode [ 'internal/createFind.js', 420, 438 ]
450 silly gunzTarPerm extractEntry internal/baseWrapperValue.js
451 silly gunzTarPerm modified mode [ 'internal/baseWrapperValue.js', 420, 438 ]
452 silly gunzTarPerm extractEntry internal/createFindIndex.js
453 silly gunzTarPerm modified mode [ 'internal/createFindIndex.js', 420, 438 ]
454 silly gunzTarPerm extractEntry internal/baseWhile.js
455 silly gunzTarPerm modified mode [ 'internal/baseWhile.js', 420, 438 ]
456 silly gunzTarPerm extractEntry internal/createFindKey.js
457 silly gunzTarPerm modified mode [ 'internal/createFindKey.js', 420, 438 ]
458 silly gunzTarPerm extractEntry internal/baseValues.js
459 silly gunzTarPerm modified mode [ 'internal/baseValues.js', 420, 438 ]
460 silly gunzTarPerm extractEntry internal/createFlow.js
461 silly gunzTarPerm modified mode [ 'internal/createFlow.js', 420, 438 ]
462 silly gunzTarPerm extractEntry internal/baseUniq.js
463 silly gunzTarPerm modified mode [ 'internal/baseUniq.js', 420, 438 ]
464 silly gunzTarPerm extractEntry internal/createForEach.js
465 silly gunzTarPerm modified mode [ 'internal/createForEach.js', 420, 438 ]
466 silly gunzTarPerm extractEntry internal/baseToString.js
467 silly gunzTarPerm modified mode [ 'internal/baseToString.js', 420, 438 ]
468 silly gunzTarPerm extractEntry internal/createForIn.js
469 silly gunzTarPerm modified mode [ 'internal/createForIn.js', 420, 438 ]
470 silly gunzTarPerm extractEntry internal/baseSum.js
471 silly gunzTarPerm modified mode [ 'internal/baseSum.js', 420, 438 ]
472 silly gunzTarPerm extractEntry internal/createForOwn.js
473 silly gunzTarPerm modified mode [ 'internal/createForOwn.js', 420, 438 ]
474 silly gunzTarPerm extractEntry internal/baseSortByOrder.js
475 silly gunzTarPerm modified mode [ 'internal/baseSortByOrder.js', 420, 438 ]
476 silly gunzTarPerm extractEntry internal/createHybridWrapper.js
477 silly gunzTarPerm modified mode [ 'internal/createHybridWrapper.js', 420, 438 ]
478 silly gunzTarPerm extractEntry internal/baseSortBy.js
479 silly gunzTarPerm modified mode [ 'internal/baseSortBy.js', 420, 438 ]
480 silly gunzTarPerm extractEntry internal/createObjectMapper.js
481 silly gunzTarPerm modified mode [ 'internal/createObjectMapper.js', 420, 438 ]
482 silly gunzTarPerm extractEntry internal/baseSome.js
483 silly gunzTarPerm modified mode [ 'internal/baseSome.js', 420, 438 ]
484 silly gunzTarPerm extractEntry internal/createPadDir.js
485 silly gunzTarPerm modified mode [ 'internal/createPadDir.js', 420, 438 ]
486 silly gunzTarPerm extractEntry internal/baseSlice.js
487 silly gunzTarPerm modified mode [ 'internal/baseSlice.js', 420, 438 ]
488 silly gunzTarPerm extractEntry internal/createPadding.js
489 silly gunzTarPerm modified mode [ 'internal/createPadding.js', 420, 438 ]
490 silly gunzTarPerm extractEntry internal/baseSetData.js
491 silly gunzTarPerm modified mode [ 'internal/baseSetData.js', 420, 438 ]
492 silly gunzTarPerm extractEntry internal/createPartial.js
493 silly gunzTarPerm modified mode [ 'internal/createPartial.js', 420, 438 ]
494 silly gunzTarPerm extractEntry internal/baseReduce.js
495 silly gunzTarPerm modified mode [ 'internal/baseReduce.js', 420, 438 ]
496 silly gunzTarPerm extractEntry internal/createPartialWrapper.js
497 silly gunzTarPerm modified mode [ 'internal/createPartialWrapper.js', 420, 438 ]
498 silly gunzTarPerm extractEntry internal/baseRandom.js
499 silly gunzTarPerm modified mode [ 'internal/baseRandom.js', 420, 438 ]
500 silly gunzTarPerm extractEntry internal/createReduce.js
501 silly gunzTarPerm modified mode [ 'internal/createReduce.js', 420, 438 ]
502 silly gunzTarPerm extractEntry internal/basePullAt.js
503 silly gunzTarPerm modified mode [ 'internal/basePullAt.js', 420, 438 ]
504 silly gunzTarPerm extractEntry internal/createRound.js
505 silly gunzTarPerm modified mode [ 'internal/createRound.js', 420, 438 ]
506 silly gunzTarPerm extractEntry internal/basePropertyDeep.js
507 silly gunzTarPerm modified mode [ 'internal/basePropertyDeep.js', 420, 438 ]
508 silly gunzTarPerm extractEntry internal/createSortedIndex.js
509 silly gunzTarPerm modified mode [ 'internal/createSortedIndex.js', 420, 438 ]
510 silly gunzTarPerm extractEntry internal/baseProperty.js
511 silly gunzTarPerm modified mode [ 'internal/baseProperty.js', 420, 438 ]
512 silly gunzTarPerm extractEntry internal/createWrapper.js
513 silly gunzTarPerm modified mode [ 'internal/createWrapper.js', 420, 438 ]
514 silly gunzTarPerm extractEntry internal/baseMergeDeep.js
515 silly gunzTarPerm modified mode [ 'internal/baseMergeDeep.js', 420, 438 ]
516 silly gunzTarPerm extractEntry internal/deburrLetter.js
517 silly gunzTarPerm modified mode [ 'internal/deburrLetter.js', 420, 438 ]
518 silly gunzTarPerm extractEntry internal/baseMerge.js
519 silly gunzTarPerm modified mode [ 'internal/baseMerge.js', 420, 438 ]
520 silly gunzTarPerm extractEntry internal/equalArrays.js
521 silly gunzTarPerm modified mode [ 'internal/equalArrays.js', 420, 438 ]
522 silly gunzTarPerm extractEntry internal/baseMatchesProperty.js
523 silly gunzTarPerm modified mode [ 'internal/baseMatchesProperty.js', 420, 438 ]
524 silly gunzTarPerm extractEntry internal/equalByTag.js
525 silly gunzTarPerm modified mode [ 'internal/equalByTag.js', 420, 438 ]
526 silly gunzTarPerm extractEntry internal/baseMatches.js
527 silly gunzTarPerm modified mode [ 'internal/baseMatches.js', 420, 438 ]
528 silly gunzTarPerm extractEntry internal/equalObjects.js
529 silly gunzTarPerm modified mode [ 'internal/equalObjects.js', 420, 438 ]
530 silly gunzTarPerm extractEntry internal/baseMap.js
531 silly gunzTarPerm modified mode [ 'internal/baseMap.js', 420, 438 ]
532 silly gunzTarPerm extractEntry internal/escapeHtmlChar.js
533 silly gunzTarPerm modified mode [ 'internal/escapeHtmlChar.js', 420, 438 ]
534 silly gunzTarPerm extractEntry internal/baseLodash.js
535 silly gunzTarPerm modified mode [ 'internal/baseLodash.js', 420, 438 ]
536 silly gunzTarPerm extractEntry internal/escapeRegExpChar.js
537 silly gunzTarPerm modified mode [ 'internal/escapeRegExpChar.js', 420, 438 ]
538 silly gunzTarPerm extractEntry internal/baseIsMatch.js
539 silly gunzTarPerm modified mode [ 'internal/baseIsMatch.js', 420, 438 ]
540 silly gunzTarPerm extractEntry internal/escapeStringChar.js
541 silly gunzTarPerm modified mode [ 'internal/escapeStringChar.js', 420, 438 ]
542 silly gunzTarPerm extractEntry internal/baseIsFunction.js
543 silly gunzTarPerm modified mode [ 'internal/baseIsFunction.js', 420, 438 ]
544 silly gunzTarPerm extractEntry internal/getData.js
545 silly gunzTarPerm modified mode [ 'internal/getData.js', 420, 438 ]
546 silly gunzTarPerm extractEntry internal/baseIsEqualDeep.js
547 silly gunzTarPerm modified mode [ 'internal/baseIsEqualDeep.js', 420, 438 ]
548 silly gunzTarPerm extractEntry internal/getFuncName.js
549 silly gunzTarPerm modified mode [ 'internal/getFuncName.js', 420, 438 ]
550 silly gunzTarPerm extractEntry internal/baseIsEqual.js
551 silly gunzTarPerm modified mode [ 'internal/baseIsEqual.js', 420, 438 ]
552 silly gunzTarPerm extractEntry internal/getLength.js
553 silly gunzTarPerm modified mode [ 'internal/getLength.js', 420, 438 ]
554 silly gunzTarPerm extractEntry internal/baseIndexOf.js
555 silly gunzTarPerm modified mode [ 'internal/baseIndexOf.js', 420, 438 ]
556 silly gunzTarPerm extractEntry internal/getMatchData.js
557 silly gunzTarPerm modified mode [ 'internal/getMatchData.js', 420, 438 ]
558 silly gunzTarPerm extractEntry internal/baseGet.js
559 silly gunzTarPerm modified mode [ 'internal/baseGet.js', 420, 438 ]
560 silly gunzTarPerm extractEntry internal/getNative.js
561 silly gunzTarPerm modified mode [ 'internal/getNative.js', 420, 438 ]
562 silly gunzTarPerm extractEntry internal/baseFunctions.js
563 silly gunzTarPerm modified mode [ 'internal/baseFunctions.js', 420, 438 ]
564 silly gunzTarPerm extractEntry internal/getView.js
565 silly gunzTarPerm modified mode [ 'internal/getView.js', 420, 438 ]
566 silly gunzTarPerm extractEntry internal/baseForRight.js
567 silly gunzTarPerm modified mode [ 'internal/baseForRight.js', 420, 438 ]
568 silly gunzTarPerm extractEntry internal/indexOfNaN.js
569 silly gunzTarPerm modified mode [ 'internal/indexOfNaN.js', 420, 438 ]
570 silly gunzTarPerm extractEntry internal/baseForOwnRight.js
571 silly gunzTarPerm modified mode [ 'internal/baseForOwnRight.js', 420, 438 ]
572 silly gunzTarPerm extractEntry internal/initCloneArray.js
573 silly gunzTarPerm modified mode [ 'internal/initCloneArray.js', 420, 438 ]
574 silly gunzTarPerm extractEntry internal/baseForOwn.js
575 silly gunzTarPerm modified mode [ 'internal/baseForOwn.js', 420, 438 ]
576 silly gunzTarPerm extractEntry internal/initCloneByTag.js
577 silly gunzTarPerm modified mode [ 'internal/initCloneByTag.js', 420, 438 ]
578 silly gunzTarPerm extractEntry internal/baseForIn.js
579 silly gunzTarPerm modified mode [ 'internal/baseForIn.js', 420, 438 ]
580 silly gunzTarPerm extractEntry internal/initCloneObject.js
581 silly gunzTarPerm modified mode [ 'internal/initCloneObject.js', 420, 438 ]
582 silly gunzTarPerm extractEntry internal/baseFor.js
583 silly gunzTarPerm modified mode [ 'internal/baseFor.js', 420, 438 ]
584 silly gunzTarPerm extractEntry internal/invokePath.js
585 silly gunzTarPerm modified mode [ 'internal/invokePath.js', 420, 438 ]
586 silly gunzTarPerm extractEntry internal/baseFlatten.js
587 silly gunzTarPerm modified mode [ 'internal/baseFlatten.js', 420, 438 ]
588 silly gunzTarPerm extractEntry internal/isArrayLike.js
589 silly gunzTarPerm modified mode [ 'internal/isArrayLike.js', 420, 438 ]
590 silly gunzTarPerm extractEntry internal/baseFindIndex.js
591 silly gunzTarPerm modified mode [ 'internal/baseFindIndex.js', 420, 438 ]
592 silly gunzTarPerm extractEntry internal/isIndex.js
593 silly gunzTarPerm modified mode [ 'internal/isIndex.js', 420, 438 ]
594 silly gunzTarPerm extractEntry internal/baseFind.js
595 silly gunzTarPerm modified mode [ 'internal/baseFind.js', 420, 438 ]
596 silly gunzTarPerm extractEntry internal/isIterateeCall.js
597 silly gunzTarPerm modified mode [ 'internal/isIterateeCall.js', 420, 438 ]
598 silly gunzTarPerm extractEntry internal/baseFilter.js
599 silly gunzTarPerm modified mode [ 'internal/baseFilter.js', 420, 438 ]
600 silly gunzTarPerm extractEntry internal/isKey.js
601 silly gunzTarPerm modified mode [ 'internal/isKey.js', 420, 438 ]
602 silly gunzTarPerm extractEntry internal/baseFill.js
603 silly gunzTarPerm modified mode [ 'internal/baseFill.js', 420, 438 ]
604 silly gunzTarPerm extractEntry internal/isLaziable.js
605 silly gunzTarPerm modified mode [ 'internal/isLaziable.js', 420, 438 ]
606 silly gunzTarPerm extractEntry internal/baseExtremum.js
607 silly gunzTarPerm modified mode [ 'internal/baseExtremum.js', 420, 438 ]
608 silly gunzTarPerm extractEntry internal/isLength.js
609 silly gunzTarPerm modified mode [ 'internal/isLength.js', 420, 438 ]
610 silly gunzTarPerm extractEntry internal/baseEvery.js
611 silly gunzTarPerm modified mode [ 'internal/baseEvery.js', 420, 438 ]
612 silly gunzTarPerm extractEntry internal/isObjectLike.js
613 silly gunzTarPerm modified mode [ 'internal/isObjectLike.js', 420, 438 ]
614 silly gunzTarPerm extractEntry internal/baseEachRight.js
615 silly gunzTarPerm modified mode [ 'internal/baseEachRight.js', 420, 438 ]
616 silly gunzTarPerm extractEntry internal/isSpace.js
617 silly gunzTarPerm modified mode [ 'internal/isSpace.js', 420, 438 ]
618 silly gunzTarPerm extractEntry internal/baseEach.js
619 silly gunzTarPerm modified mode [ 'internal/baseEach.js', 420, 438 ]
620 silly gunzTarPerm extractEntry internal/isStrictComparable.js
621 silly gunzTarPerm modified mode [ 'internal/isStrictComparable.js', 420, 438 ]
622 silly gunzTarPerm extractEntry internal/baseDifference.js
623 silly gunzTarPerm modified mode [ 'internal/baseDifference.js', 420, 438 ]
624 silly gunzTarPerm extractEntry internal/lazyClone.js
625 silly gunzTarPerm modified mode [ 'internal/lazyClone.js', 420, 438 ]
626 silly gunzTarPerm extractEntry internal/baseDelay.js
627 silly gunzTarPerm modified mode [ 'internal/baseDelay.js', 420, 438 ]
628 silly gunzTarPerm extractEntry internal/lazyReverse.js
629 silly gunzTarPerm modified mode [ 'internal/lazyReverse.js', 420, 438 ]
630 silly gunzTarPerm extractEntry internal/baseCreate.js
631 silly gunzTarPerm modified mode [ 'internal/baseCreate.js', 420, 438 ]
632 silly gunzTarPerm extractEntry internal/lazyValue.js
633 silly gunzTarPerm modified mode [ 'internal/lazyValue.js', 420, 438 ]
634 silly gunzTarPerm extractEntry internal/baseCopy.js
635 silly gunzTarPerm modified mode [ 'internal/baseCopy.js', 420, 438 ]
636 silly gunzTarPerm extractEntry internal/mapDelete.js
637 silly gunzTarPerm modified mode [ 'internal/mapDelete.js', 420, 438 ]
638 silly gunzTarPerm extractEntry internal/baseCompareAscending.js
639 silly gunzTarPerm modified mode [ 'internal/baseCompareAscending.js', 420, 438 ]
640 silly gunzTarPerm extractEntry internal/mapGet.js
641 silly gunzTarPerm modified mode [ 'internal/mapGet.js', 420, 438 ]
642 silly gunzTarPerm extractEntry internal/baseClone.js
643 silly gunzTarPerm modified mode [ 'internal/baseClone.js', 420, 438 ]
644 silly gunzTarPerm extractEntry internal/mapHas.js
645 silly gunzTarPerm modified mode [ 'internal/mapHas.js', 420, 438 ]
646 silly gunzTarPerm extractEntry internal/baseCallback.js
647 silly gunzTarPerm modified mode [ 'internal/baseCallback.js', 420, 438 ]
648 silly gunzTarPerm extractEntry internal/mapSet.js
649 silly gunzTarPerm modified mode [ 'internal/mapSet.js', 420, 438 ]
650 silly gunzTarPerm extractEntry internal/baseAt.js
651 silly gunzTarPerm modified mode [ 'internal/baseAt.js', 420, 438 ]
652 silly gunzTarPerm extractEntry internal/mergeData.js
653 silly gunzTarPerm modified mode [ 'internal/mergeData.js', 420, 438 ]
654 silly gunzTarPerm extractEntry internal/baseAssign.js
655 silly gunzTarPerm modified mode [ 'internal/baseAssign.js', 420, 438 ]
656 silly gunzTarPerm extractEntry internal/mergeDefaults.js
657 silly gunzTarPerm modified mode [ 'internal/mergeDefaults.js', 420, 438 ]
658 silly gunzTarPerm extractEntry internal/assignWith.js
659 silly gunzTarPerm modified mode [ 'internal/assignWith.js', 420, 438 ]
660 silly gunzTarPerm extractEntry internal/metaMap.js
661 silly gunzTarPerm modified mode [ 'internal/metaMap.js', 420, 438 ]
662 silly gunzTarPerm extractEntry internal/assignOwnDefaults.js
663 silly gunzTarPerm modified mode [ 'internal/assignOwnDefaults.js', 420, 438 ]
664 silly gunzTarPerm extractEntry internal/pickByArray.js
665 silly gunzTarPerm modified mode [ 'internal/pickByArray.js', 420, 438 ]
666 silly gunzTarPerm extractEntry internal/assignDefaults.js
667 silly gunzTarPerm modified mode [ 'internal/assignDefaults.js', 420, 438 ]
668 silly gunzTarPerm extractEntry internal/pickByCallback.js
669 silly gunzTarPerm modified mode [ 'internal/pickByCallback.js', 420, 438 ]
670 silly gunzTarPerm extractEntry internal/arraySum.js
671 silly gunzTarPerm modified mode [ 'internal/arraySum.js', 420, 438 ]
672 silly gunzTarPerm extractEntry internal/reEscape.js
673 silly gunzTarPerm modified mode [ 'internal/reEscape.js', 420, 438 ]
674 silly gunzTarPerm extractEntry internal/arraySome.js
675 silly gunzTarPerm modified mode [ 'internal/arraySome.js', 420, 438 ]
676 silly gunzTarPerm extractEntry internal/reEvaluate.js
677 silly gunzTarPerm modified mode [ 'internal/reEvaluate.js', 420, 438 ]
678 silly gunzTarPerm extractEntry internal/arrayReduceRight.js
679 silly gunzTarPerm modified mode [ 'internal/arrayReduceRight.js', 420, 438 ]
680 silly gunzTarPerm extractEntry internal/reInterpolate.js
681 silly gunzTarPerm modified mode [ 'internal/reInterpolate.js', 420, 438 ]
682 silly gunzTarPerm extractEntry internal/arrayReduce.js
683 silly gunzTarPerm modified mode [ 'internal/arrayReduce.js', 420, 438 ]
684 silly gunzTarPerm extractEntry internal/realNames.js
685 silly gunzTarPerm modified mode [ 'internal/realNames.js', 420, 438 ]
686 silly gunzTarPerm extractEntry internal/arrayPush.js
687 silly gunzTarPerm modified mode [ 'internal/arrayPush.js', 420, 438 ]
688 silly gunzTarPerm extractEntry internal/reorder.js
689 silly gunzTarPerm modified mode [ 'internal/reorder.js', 420, 438 ]
690 silly gunzTarPerm extractEntry internal/arrayMap.js
691 silly gunzTarPerm modified mode [ 'internal/arrayMap.js', 420, 438 ]
692 silly gunzTarPerm extractEntry internal/replaceHolders.js
693 silly gunzTarPerm modified mode [ 'internal/replaceHolders.js', 420, 438 ]
694 silly gunzTarPerm extractEntry internal/arrayFilter.js
695 silly gunzTarPerm modified mode [ 'internal/arrayFilter.js', 420, 438 ]
696 silly gunzTarPerm extractEntry internal/setData.js
697 silly gunzTarPerm modified mode [ 'internal/setData.js', 420, 438 ]
698 silly gunzTarPerm extractEntry internal/arrayExtremum.js
699 silly gunzTarPerm modified mode [ 'internal/arrayExtremum.js', 420, 438 ]
700 silly gunzTarPerm extractEntry internal/shimKeys.js
701 silly gunzTarPerm modified mode [ 'internal/shimKeys.js', 420, 438 ]
702 silly gunzTarPerm extractEntry internal/arrayEvery.js
703 silly gunzTarPerm modified mode [ 'internal/arrayEvery.js', 420, 438 ]
704 silly gunzTarPerm extractEntry internal/sortedUniq.js
705 silly gunzTarPerm modified mode [ 'internal/sortedUniq.js', 420, 438 ]
706 silly gunzTarPerm extractEntry internal/arrayEachRight.js
707 silly gunzTarPerm modified mode [ 'internal/arrayEachRight.js', 420, 438 ]
708 silly gunzTarPerm extractEntry internal/toIterable.js
709 silly gunzTarPerm modified mode [ 'internal/toIterable.js', 420, 438 ]
710 silly gunzTarPerm extractEntry internal/arrayEach.js
711 silly gunzTarPerm modified mode [ 'internal/arrayEach.js', 420, 438 ]
712 silly gunzTarPerm extractEntry internal/toObject.js
713 silly gunzTarPerm modified mode [ 'internal/toObject.js', 420, 438 ]
714 silly gunzTarPerm extractEntry internal/arrayCopy.js
715 silly gunzTarPerm modified mode [ 'internal/arrayCopy.js', 420, 438 ]
716 silly gunzTarPerm extractEntry internal/toPath.js
717 silly gunzTarPerm modified mode [ 'internal/toPath.js', 420, 438 ]
718 silly gunzTarPerm extractEntry internal/arrayConcat.js
719 silly gunzTarPerm modified mode [ 'internal/arrayConcat.js', 420, 438 ]
720 silly gunzTarPerm extractEntry internal/trimmedLeftIndex.js
721 silly gunzTarPerm modified mode [ 'internal/trimmedLeftIndex.js', 420, 438 ]
722 silly gunzTarPerm extractEntry internal/SetCache.js
723 silly gunzTarPerm modified mode [ 'internal/SetCache.js', 420, 438 ]
724 silly gunzTarPerm extractEntry internal/trimmedRightIndex.js
725 silly gunzTarPerm modified mode [ 'internal/trimmedRightIndex.js', 420, 438 ]
726 silly gunzTarPerm extractEntry internal/MapCache.js
727 silly gunzTarPerm modified mode [ 'internal/MapCache.js', 420, 438 ]
728 silly gunzTarPerm extractEntry internal/unescapeHtmlChar.js
729 silly gunzTarPerm modified mode [ 'internal/unescapeHtmlChar.js', 420, 438 ]
730 silly gunzTarPerm extractEntry internal/LodashWrapper.js
731 silly gunzTarPerm modified mode [ 'internal/LodashWrapper.js', 420, 438 ]
732 silly gunzTarPerm extractEntry internal/wrapperClone.js
733 silly gunzTarPerm modified mode [ 'internal/wrapperClone.js', 420, 438 ]
734 silly gunzTarPerm extractEntry internal/composeArgsRight.js
735 silly gunzTarPerm modified mode [ 'internal/composeArgsRight.js', 420, 438 ]
736 silly gunzTarPerm extractEntry string/camelCase.js
737 silly gunzTarPerm modified mode [ 'string/camelCase.js', 420, 438 ]
738 silly gunzTarPerm extractEntry string/padLeft.js
739 silly gunzTarPerm modified mode [ 'string/padLeft.js', 420, 438 ]
740 silly gunzTarPerm extractEntry string/padRight.js
741 silly gunzTarPerm modified mode [ 'string/padRight.js', 420, 438 ]
742 silly gunzTarPerm extractEntry string/parseInt.js
743 silly gunzTarPerm modified mode [ 'string/parseInt.js', 420, 438 ]
744 silly gunzTarPerm extractEntry string/pad.js
745 silly gunzTarPerm modified mode [ 'string/pad.js', 420, 438 ]
746 silly gunzTarPerm extractEntry string/snakeCase.js
747 silly gunzTarPerm modified mode [ 'string/snakeCase.js', 420, 438 ]
748 silly gunzTarPerm extractEntry string/startCase.js
749 silly gunzTarPerm modified mode [ 'string/startCase.js', 420, 438 ]
750 silly gunzTarPerm extractEntry string/startsWith.js
751 silly gunzTarPerm modified mode [ 'string/startsWith.js', 420, 438 ]
752 silly gunzTarPerm extractEntry string/template.js
753 silly gunzTarPerm modified mode [ 'string/template.js', 420, 438 ]
754 silly gunzTarPerm extractEntry string/templateSettings.js
755 silly gunzTarPerm modified mode [ 'string/templateSettings.js', 420, 438 ]
756 silly gunzTarPerm extractEntry string/kebabCase.js
757 silly gunzTarPerm modified mode [ 'string/kebabCase.js', 420, 438 ]
758 silly gunzTarPerm extractEntry string/trim.js
759 silly gunzTarPerm modified mode [ 'string/trim.js', 420, 438 ]
760 silly gunzTarPerm extractEntry string/escapeRegExp.js
761 silly gunzTarPerm modified mode [ 'string/escapeRegExp.js', 420, 438 ]
762 silly gunzTarPerm extractEntry string/trimLeft.js
763 silly gunzTarPerm modified mode [ 'string/trimLeft.js', 420, 438 ]
764 silly gunzTarPerm extractEntry string/escape.js
765 silly gunzTarPerm modified mode [ 'string/escape.js', 420, 438 ]
766 silly gunzTarPerm extractEntry string/trimRight.js
767 silly gunzTarPerm modified mode [ 'string/trimRight.js', 420, 438 ]
768 silly gunzTarPerm extractEntry string/endsWith.js
769 silly gunzTarPerm modified mode [ 'string/endsWith.js', 420, 438 ]
770 silly gunzTarPerm extractEntry string/trunc.js
771 silly gunzTarPerm modified mode [ 'string/trunc.js', 420, 438 ]
772 silly gunzTarPerm extractEntry string/deburr.js
773 silly gunzTarPerm modified mode [ 'string/deburr.js', 420, 438 ]
774 silly gunzTarPerm extractEntry string/unescape.js
775 silly gunzTarPerm modified mode [ 'string/unescape.js', 420, 438 ]
776 silly gunzTarPerm extractEntry string/capitalize.js
777 silly gunzTarPerm modified mode [ 'string/capitalize.js', 420, 438 ]
778 silly gunzTarPerm extractEntry string/words.js
779 silly gunzTarPerm modified mode [ 'string/words.js', 420, 438 ]
780 silly gunzTarPerm extractEntry string/repeat.js
781 silly gunzTarPerm modified mode [ 'string/repeat.js', 420, 438 ]
782 silly gunzTarPerm extractEntry chain/chain.js
783 silly gunzTarPerm modified mode [ 'chain/chain.js', 420, 438 ]
784 silly gunzTarPerm extractEntry chain/run.js
785 silly gunzTarPerm modified mode [ 'chain/run.js', 420, 438 ]
786 silly gunzTarPerm extractEntry chain/tap.js
787 silly gunzTarPerm modified mode [ 'chain/tap.js', 420, 438 ]
788 silly gunzTarPerm extractEntry chain/thru.js
789 silly gunzTarPerm modified mode [ 'chain/thru.js', 420, 438 ]
790 silly gunzTarPerm extractEntry chain/toJSON.js
791 silly gunzTarPerm modified mode [ 'chain/toJSON.js', 420, 438 ]
792 silly gunzTarPerm extractEntry chain/reverse.js
793 silly gunzTarPerm modified mode [ 'chain/reverse.js', 420, 438 ]
794 silly gunzTarPerm extractEntry chain/value.js
795 silly gunzTarPerm modified mode [ 'chain/value.js', 420, 438 ]
796 silly gunzTarPerm extractEntry chain/valueOf.js
797 silly gunzTarPerm modified mode [ 'chain/valueOf.js', 420, 438 ]
798 silly gunzTarPerm extractEntry chain/wrapperChain.js
799 silly gunzTarPerm modified mode [ 'chain/wrapperChain.js', 420, 438 ]
800 silly gunzTarPerm extractEntry chain/wrapperCommit.js
801 silly gunzTarPerm modified mode [ 'chain/wrapperCommit.js', 420, 438 ]
802 silly gunzTarPerm extractEntry chain/wrapperConcat.js
803 silly gunzTarPerm modified mode [ 'chain/wrapperConcat.js', 420, 438 ]
804 silly gunzTarPerm extractEntry chain/plant.js
805 silly gunzTarPerm modified mode [ 'chain/plant.js', 420, 438 ]
806 silly gunzTarPerm extractEntry chain/wrapperPlant.js
807 silly gunzTarPerm modified mode [ 'chain/wrapperPlant.js', 420, 438 ]
808 silly gunzTarPerm extractEntry chain/lodash.js
809 silly gunzTarPerm modified mode [ 'chain/lodash.js', 420, 438 ]
810 silly gunzTarPerm extractEntry chain/wrapperReverse.js
811 silly gunzTarPerm modified mode [ 'chain/wrapperReverse.js', 420, 438 ]
812 silly gunzTarPerm extractEntry chain/concat.js
813 silly gunzTarPerm modified mode [ 'chain/concat.js', 420, 438 ]
814 silly gunzTarPerm extractEntry chain/wrapperToString.js
815 silly gunzTarPerm modified mode [ 'chain/wrapperToString.js', 420, 438 ]
816 silly gunzTarPerm extractEntry chain/commit.js
817 silly gunzTarPerm modified mode [ 'chain/commit.js', 420, 438 ]
818 silly gunzTarPerm extractEntry chain/wrapperValue.js
819 silly gunzTarPerm modified mode [ 'chain/wrapperValue.js', 420, 438 ]
820 silly gunzTarPerm extractEntry chain/toString.js
821 silly gunzTarPerm modified mode [ 'chain/toString.js', 420, 438 ]
822 silly gunzTarPerm extractEntry array/chunk.js
823 silly gunzTarPerm modified mode [ 'array/chunk.js', 420, 438 ]
824 silly gunzTarPerm extractEntry array/last.js
825 silly gunzTarPerm modified mode [ 'array/last.js', 420, 438 ]
826 silly gunzTarPerm extractEntry array/lastIndexOf.js
827 silly gunzTarPerm modified mode [ 'array/lastIndexOf.js', 420, 438 ]
828 silly gunzTarPerm extractEntry array/object.js
829 silly gunzTarPerm modified mode [ 'array/object.js', 420, 438 ]
830 silly gunzTarPerm extractEntry array/pull.js
831 silly gunzTarPerm modified mode [ 'array/pull.js', 420, 438 ]
832 silly gunzTarPerm extractEntry array/intersection.js
833 silly gunzTarPerm modified mode [ 'array/intersection.js', 420, 438 ]
834 silly gunzTarPerm extractEntry array/remove.js
835 silly gunzTarPerm modified mode [ 'array/remove.js', 420, 438 ]
836 silly gunzTarPerm extractEntry array/rest.js
837 silly gunzTarPerm modified mode [ 'array/rest.js', 420, 438 ]
838 silly gunzTarPerm extractEntry array/slice.js
839 silly gunzTarPerm modified mode [ 'array/slice.js', 420, 438 ]
840 silly gunzTarPerm extractEntry array/sortedIndex.js
841 silly gunzTarPerm modified mode [ 'array/sortedIndex.js', 420, 438 ]
842 silly gunzTarPerm extractEntry array/sortedLastIndex.js
843 silly gunzTarPerm modified mode [ 'array/sortedLastIndex.js', 420, 438 ]
844 silly gunzTarPerm extractEntry array/initial.js
845 silly gunzTarPerm modified mode [ 'array/initial.js', 420, 438 ]
846 silly gunzTarPerm extractEntry array/tail.js
847 silly gunzTarPerm modified mode [ 'array/tail.js', 420, 438 ]
848 silly gunzTarPerm extractEntry array/indexOf.js
849 silly gunzTarPerm modified mode [ 'array/indexOf.js', 420, 438 ]
850 silly gunzTarPerm extractEntry array/take.js
851 silly gunzTarPerm modified mode [ 'array/take.js', 420, 438 ]
852 silly gunzTarPerm extractEntry array/head.js
853 silly gunzTarPerm modified mode [ 'array/head.js', 420, 438 ]
854 silly gunzTarPerm extractEntry array/takeRight.js
855 silly gunzTarPerm modified mode [ 'array/takeRight.js', 420, 438 ]
856 silly gunzTarPerm extractEntry array/flattenDeep.js
857 silly gunzTarPerm modified mode [ 'array/flattenDeep.js', 420, 438 ]
858 silly gunzTarPerm extractEntry array/takeRightWhile.js
859 silly gunzTarPerm modified mode [ 'array/takeRightWhile.js', 420, 438 ]
860 silly gunzTarPerm extractEntry array/flatten.js
861 silly gunzTarPerm modified mode [ 'array/flatten.js', 420, 438 ]
862 silly gunzTarPerm extractEntry array/takeWhile.js
863 silly gunzTarPerm modified mode [ 'array/takeWhile.js', 420, 438 ]
864 silly gunzTarPerm extractEntry array/first.js
865 silly gunzTarPerm modified mode [ 'array/first.js', 420, 438 ]
866 silly gunzTarPerm extractEntry array/union.js
867 silly gunzTarPerm modified mode [ 'array/union.js', 420, 438 ]
868 silly gunzTarPerm extractEntry array/findLastIndex.js
869 silly gunzTarPerm modified mode [ 'array/findLastIndex.js', 420, 438 ]
870 silly gunzTarPerm extractEntry array/uniq.js
871 silly gunzTarPerm modified mode [ 'array/uniq.js', 420, 438 ]
872 silly gunzTarPerm extractEntry array/findIndex.js
873 silly gunzTarPerm modified mode [ 'array/findIndex.js', 420, 438 ]
874 silly gunzTarPerm extractEntry array/unique.js
875 silly gunzTarPerm modified mode [ 'array/unique.js', 420, 438 ]
876 silly gunzTarPerm extractEntry array/fill.js
877 silly gunzTarPerm modified mode [ 'array/fill.js', 420, 438 ]
878 silly gunzTarPerm extractEntry array/unzip.js
879 silly gunzTarPerm modified mode [ 'array/unzip.js', 420, 438 ]
880 silly gunzTarPerm extractEntry array/dropWhile.js
881 silly gunzTarPerm modified mode [ 'array/dropWhile.js', 420, 438 ]
882 silly gunzTarPerm extractEntry array/unzipWith.js
883 silly gunzTarPerm modified mode [ 'array/unzipWith.js', 420, 438 ]
884 silly gunzTarPerm extractEntry array/dropRightWhile.js
885 silly gunzTarPerm modified mode [ 'array/dropRightWhile.js', 420, 438 ]
886 silly gunzTarPerm extractEntry array/without.js
887 silly gunzTarPerm modified mode [ 'array/without.js', 420, 438 ]
888 silly gunzTarPerm extractEntry array/dropRight.js
889 silly gunzTarPerm modified mode [ 'array/dropRight.js', 420, 438 ]
890 silly gunzTarPerm extractEntry array/xor.js
891 silly gunzTarPerm modified mode [ 'array/xor.js', 420, 438 ]
892 silly gunzTarPerm extractEntry array/drop.js
893 silly gunzTarPerm modified mode [ 'array/drop.js', 420, 438 ]
894 silly gunzTarPerm extractEntry array/zip.js
895 silly gunzTarPerm modified mode [ 'array/zip.js', 420, 438 ]
896 silly gunzTarPerm extractEntry array/difference.js
897 silly gunzTarPerm modified mode [ 'array/difference.js', 420, 438 ]
898 silly gunzTarPerm extractEntry array/zipObject.js
899 silly gunzTarPerm modified mode [ 'array/zipObject.js', 420, 438 ]
900 silly gunzTarPerm extractEntry array/compact.js
901 silly gunzTarPerm modified mode [ 'array/compact.js', 420, 438 ]
902 silly gunzTarPerm extractEntry array/zipWith.js
903 silly gunzTarPerm modified mode [ 'array/zipWith.js', 420, 438 ]
904 silly gunzTarPerm extractEntry array/pullAt.js
905 silly gunzTarPerm modified mode [ 'array/pullAt.js', 420, 438 ]
906 silly gunzTarPerm extractEntry utility/attempt.js
907 silly gunzTarPerm modified mode [ 'utility/attempt.js', 420, 438 ]
908 silly gunzTarPerm extractEntry utility/iteratee.js
909 silly gunzTarPerm modified mode [ 'utility/iteratee.js', 420, 438 ]
910 silly gunzTarPerm extractEntry utility/matches.js
911 silly gunzTarPerm modified mode [ 'utility/matches.js', 420, 438 ]
912 silly gunzTarPerm extractEntry utility/matchesProperty.js
913 silly gunzTarPerm modified mode [ 'utility/matchesProperty.js', 420, 438 ]
914 silly gunzTarPerm extractEntry utility/method.js
915 silly gunzTarPerm modified mode [ 'utility/method.js', 420, 438 ]
916 silly gunzTarPerm extractEntry utility/identity.js
917 silly gunzTarPerm modified mode [ 'utility/identity.js', 420, 438 ]
918 silly gunzTarPerm extractEntry utility/mixin.js
919 silly gunzTarPerm modified mode [ 'utility/mixin.js', 420, 438 ]
920 silly gunzTarPerm extractEntry utility/noop.js
921 silly gunzTarPerm modified mode [ 'utility/noop.js', 420, 438 ]
922 silly gunzTarPerm extractEntry utility/property.js
923 silly gunzTarPerm modified mode [ 'utility/property.js', 420, 438 ]
924 silly gunzTarPerm extractEntry utility/propertyOf.js
925 silly gunzTarPerm modified mode [ 'utility/propertyOf.js', 420, 438 ]
926 silly gunzTarPerm extractEntry utility/range.js
927 silly gunzTarPerm modified mode [ 'utility/range.js', 420, 438 ]
928 silly gunzTarPerm extractEntry utility/constant.js
929 silly gunzTarPerm modified mode [ 'utility/constant.js', 420, 438 ]
930 silly gunzTarPerm extractEntry utility/times.js
931 silly gunzTarPerm modified mode [ 'utility/times.js', 420, 438 ]
932 silly gunzTarPerm extractEntry utility/callback.js
933 silly gunzTarPerm modified mode [ 'utility/callback.js', 420, 438 ]
934 silly gunzTarPerm extractEntry utility/uniqueId.js
935 silly gunzTarPerm modified mode [ 'utility/uniqueId.js', 420, 438 ]
936 silly gunzTarPerm extractEntry utility/methodOf.js
937 silly gunzTarPerm modified mode [ 'utility/methodOf.js', 420, 438 ]
938 silly gunzTarPerm extractEntry lang/clone.js
939 silly gunzTarPerm modified mode [ 'lang/clone.js', 420, 438 ]
940 silly gunzTarPerm extractEntry lang/isEqual.js
941 silly gunzTarPerm modified mode [ 'lang/isEqual.js', 420, 438 ]
942 silly gunzTarPerm extractEntry lang/isError.js
943 silly gunzTarPerm modified mode [ 'lang/isError.js', 420, 438 ]
944 silly gunzTarPerm extractEntry lang/isFinite.js
945 silly gunzTarPerm modified mode [ 'lang/isFinite.js', 420, 438 ]
946 silly gunzTarPerm extractEntry lang/isFunction.js
947 silly gunzTarPerm modified mode [ 'lang/isFunction.js', 420, 438 ]
948 silly gunzTarPerm extractEntry lang/isEmpty.js
949 silly gunzTarPerm modified mode [ 'lang/isEmpty.js', 420, 438 ]
950 silly gunzTarPerm extractEntry lang/isNaN.js
951 silly gunzTarPerm modified mode [ 'lang/isNaN.js', 420, 438 ]
952 silly gunzTarPerm extractEntry lang/isNative.js
953 silly gunzTarPerm modified mode [ 'lang/isNative.js', 420, 438 ]
954 silly gunzTarPerm extractEntry lang/isNull.js
955 silly gunzTarPerm modified mode [ 'lang/isNull.js', 420, 438 ]
956 silly gunzTarPerm extractEntry lang/isNumber.js
957 silly gunzTarPerm modified mode [ 'lang/isNumber.js', 420, 438 ]
958 silly gunzTarPerm extractEntry lang/isObject.js
959 silly gunzTarPerm modified mode [ 'lang/isObject.js', 420, 438 ]
960 silly gunzTarPerm extractEntry lang/isElement.js
961 silly gunzTarPerm modified mode [ 'lang/isElement.js', 420, 438 ]
962 silly gunzTarPerm extractEntry lang/isPlainObject.js
963 silly gunzTarPerm modified mode [ 'lang/isPlainObject.js', 420, 438 ]
964 silly gunzTarPerm extractEntry lang/isDate.js
965 silly gunzTarPerm modified mode [ 'lang/isDate.js', 420, 438 ]
966 silly gunzTarPerm extractEntry lang/isRegExp.js
967 silly gunzTarPerm modified mode [ 'lang/isRegExp.js', 420, 438 ]
968 silly gunzTarPerm extractEntry lang/isBoolean.js
969 silly gunzTarPerm modified mode [ 'lang/isBoolean.js', 420, 438 ]
970 silly gunzTarPerm extractEntry lang/isString.js
971 silly gunzTarPerm modified mode [ 'lang/isString.js', 420, 438 ]
972 silly gunzTarPerm extractEntry lang/isArray.js
973 silly gunzTarPerm modified mode [ 'lang/isArray.js', 420, 438 ]
974 silly gunzTarPerm extractEntry lang/isTypedArray.js
975 silly gunzTarPerm modified mode [ 'lang/isTypedArray.js', 420, 438 ]
976 silly gunzTarPerm extractEntry lang/isArguments.js
977 silly gunzTarPerm modified mode [ 'lang/isArguments.js', 420, 438 ]
978 silly gunzTarPerm extractEntry lang/isUndefined.js
979 silly gunzTarPerm modified mode [ 'lang/isUndefined.js', 420, 438 ]
980 silly gunzTarPerm extractEntry lang/gte.js
981 silly gunzTarPerm modified mode [ 'lang/gte.js', 420, 438 ]
982 silly gunzTarPerm extractEntry lang/lt.js
983 silly gunzTarPerm modified mode [ 'lang/lt.js', 420, 438 ]
984 silly gunzTarPerm extractEntry lang/gt.js
985 silly gunzTarPerm modified mode [ 'lang/gt.js', 420, 438 ]
986 silly gunzTarPerm extractEntry lang/lte.js
987 silly gunzTarPerm modified mode [ 'lang/lte.js', 420, 438 ]
988 silly gunzTarPerm extractEntry lang/eq.js
989 silly gunzTarPerm modified mode [ 'lang/eq.js', 420, 438 ]
990 silly gunzTarPerm extractEntry lang/toArray.js
991 silly gunzTarPerm modified mode [ 'lang/toArray.js', 420, 438 ]
992 silly gunzTarPerm extractEntry lang/cloneDeep.js
993 silly gunzTarPerm modified mode [ 'lang/cloneDeep.js', 420, 438 ]
994 silly gunzTarPerm extractEntry lang/toPlainObject.js
995 silly gunzTarPerm modified mode [ 'lang/toPlainObject.js', 420, 438 ]
996 silly gunzTarPerm extractEntry lang/isMatch.js
997 silly gunzTarPerm modified mode [ 'lang/isMatch.js', 420, 438 ]
998 verbose write writing to D:\Projects\training\cg\node_modules\karma-ie-launcher\node_modules\lodash\package.json
999 info preinstall lodash@3.10.1
1000 verbose readDependencies loading dependencies from D:\Projects\training\cg\node_modules\karma-ie-launcher\node_modules\lodash\package.json
1001 verbose readDependencies loading dependencies from D:\Projects\training\cg\node_modules\karma-ie-launcher\node_modules\lodash\package.json
1002 silly install resolved []
1003 verbose about to build D:\Projects\training\cg\node_modules\karma-ie-launcher\node_modules\lodash
1004 info build D:\Projects\training\cg\node_modules\karma-ie-launcher\node_modules\lodash
1005 info linkStuff lodash@3.10.1
1006 silly linkStuff lodash@3.10.1 has D:\Projects\training\cg\node_modules\karma-ie-launcher\node_modules as its parent node_modules
1007 verbose linkBins lodash@3.10.1
1008 verbose linkMans lodash@3.10.1
1009 verbose rebuildBundles lodash@3.10.1
1010 info install lodash@3.10.1
1011 info postinstall lodash@3.10.1
1012 verbose unlock done using C:\Users\cnamqui\AppData\Roaming\npm-cache\_locks\lodash-c45a1fac32c0c84e.lock for D:\Projects\training\cg\node_modules\karma-ie-launcher\node_modules\lodash
1013 verbose about to build D:\Projects\training\cg\node_modules\karma-ie-launcher
1014 info build D:\Projects\training\cg\node_modules\karma-ie-launcher
1015 info linkStuff karma-ie-launcher@0.2.0
1016 silly linkStuff karma-ie-launcher@0.2.0 has D:\Projects\training\cg\node_modules as its parent node_modules
1017 verbose linkBins karma-ie-launcher@0.2.0
1018 verbose linkMans karma-ie-launcher@0.2.0
1019 verbose rebuildBundles karma-ie-launcher@0.2.0
1020 verbose rebuildBundles [ 'lodash' ]
1021 info install karma-ie-launcher@0.2.0
1022 info postinstall karma-ie-launcher@0.2.0
1023 verbose unlock done using C:\Users\cnamqui\AppData\Roaming\npm-cache\_locks\karma-ie-launcher-a9b682efc7b57697.lock for D:\Projects\training\cg\node_modules\karma-ie-launcher
1024 verbose validateInstall loading D:\Projects\training\cg\package.json for validation
1025 verbose stack Error: The package karma does not satisfy its siblings' peerDependencies requirements!
1025 verbose stack     at C:\Program Files\nodejs\node_modules\npm\lib\install.js:125:32
1025 verbose stack     at C:\Program Files\nodejs\node_modules\npm\lib\install.js:267:7
1025 verbose stack     at C:\Program Files\nodejs\node_modules\npm\node_modules\read-installed\read-installed.js:138:5
1025 verbose stack     at C:\Program Files\nodejs\node_modules\npm\node_modules\read-installed\read-installed.js:251:14
1025 verbose stack     at cb (C:\Program Files\nodejs\node_modules\npm\node_modules\slide\lib\async-map.js:47:24)
1025 verbose stack     at C:\Program Files\nodejs\node_modules\npm\node_modules\read-installed\read-installed.js:251:14
1025 verbose stack     at cb (C:\Program Files\nodejs\node_modules\npm\node_modules\slide\lib\async-map.js:47:24)
1025 verbose stack     at C:\Program Files\nodejs\node_modules\npm\node_modules\read-installed\read-installed.js:251:14
1025 verbose stack     at cb (C:\Program Files\nodejs\node_modules\npm\node_modules\slide\lib\async-map.js:47:24)
1025 verbose stack     at C:\Program Files\nodejs\node_modules\npm\node_modules\read-installed\read-installed.js:251:14
1026 verbose cwd D:\Projects\training\cg
1027 error Windows_NT 6.3.9600
1028 error argv "C:\\Program Files\\nodejs\\\\node.exe" "C:\\Program Files\\nodejs\\node_modules\\npm\\bin\\npm-cli.js" "install" "karma-ie-launcher" "--save-dev"
1029 error node v0.12.7
1030 error npm  v2.11.3
1031 error code EPEERINVALID
1032 error peerinvalid The package karma does not satisfy its siblings' peerDependencies requirements!
1032 error peerinvalid Peer karma-safari-launcher@0.1.1 wants karma@>=0.9
1032 error peerinvalid Peer karma-jasmine@0.1.6 wants karma@>=0.9
1032 error peerinvalid Peer karma-ie-launcher@0.2.0 wants karma@>=0.9
1032 error peerinvalid Peer grunt-karma@0.8.3 wants karma@~0.12.0
1032 error peerinvalid Peer karma-mocha-reporter@0.2.8 wants karma@>=0.9
1032 error peerinvalid Peer karma-phantomjs-launcher@0.1.4 wants karma@>=0.9
1033 verbose exit [ 1, true ]
